<?xml version="1.0" encoding="UTF-8"?>
<testsuite name="edu.bsu.cs.UserInterfaceTest" tests="2" skipped="0" failures="0" errors="0" timestamp="2024-09-26T18:56:55" hostname="penguin" time="0.622">
  <properties/>
  <testcase name="testGetRevisionData()" classname="edu.bsu.cs.UserInterfaceTest" time="0.488"/>
  <testcase name="testPrintRevisionsData()" classname="edu.bsu.cs.UserInterfaceTest" time="0.132"/>
  <system-out><![CDATA[]]></system-out>
  <system-err><![CDATA[]]></system-err>
</testsuite>
